TN:
SF:src\app.ts
FNF:0
FNH:0
DA:1,1
DA:2,1
DA:3,1
DA:4,1
DA:5,1
DA:7,1
DA:9,1
DA:10,1
DA:11,1
DA:13,1
DA:19,1
DA:20,1
DA:22,1
LF:13
LH:13
BRF:0
BRH:0
end_of_record
TN:
SF:src\controllers\user.controllers.ts
FN:10,(anonymous_7)
FNF:1
FNH:1
FNDA:1,(anonymous_7)
DA:2,1
DA:3,1
DA:4,1
DA:5,1
DA:8,1
DA:10,1
DA:11,1
DA:12,1
DA:13,1
DA:14,1
DA:16,1
DA:23,0
DA:24,0
DA:28,0
DA:35,0
DA:40,1
DA:44,1
LF:17
LH:13
BRDA:23,0,0,0
BRDA:23,0,1,0
BRF:2
BRH:0
end_of_record
TN:
SF:src\middlewares\user.middleware.ts
FN:5,(anonymous_1)
FN:19,(anonymous_2)
FNF:2
FNH:2
FNDA:2,(anonymous_1)
FNDA:3,(anonymous_2)
DA:2,1
DA:3,1
DA:5,1
DA:6,2
DA:11,2
DA:12,1
DA:16,1
DA:19,1
DA:20,3
DA:22,3
DA:23,2
DA:24,2
DA:27,1
DA:31,1
LF:14
LH:14
BRDA:11,0,0,1
BRDA:11,0,1,1
BRDA:23,1,0,2
BRDA:23,1,1,0
BRF:4
BRH:3
end_of_record
TN:
SF:src\models\user.ts
FNF:0
FNH:0
DA:1,1
DA:2,1
DA:26,1
DA:85,1
LF:4
LH:4
BRF:0
BRH:0
end_of_record
TN:
SF:src\routes\user.routes.ts
FNF:0
FNH:0
DA:1,1
DA:2,1
DA:3,1
DA:5,1
DA:6,1
DA:8,1
LF:6
LH:6
BRF:0
BRH:0
end_of_record
TN:
SF:src\utils\functions\redirect.ts
FN:3,(anonymous_0)
FNF:1
FNH:1
FNDA:1,(anonymous_0)
DA:3,1
DA:4,1
LF:2
LH:2
BRF:0
BRH:0
end_of_record
TN:
SF:src\utils\validations\user.validations.ts
FNF:0
FNH:0
DA:1,1
DA:4,1
DA:6,1
DA:26,1
LF:4
LH:4
BRF:0
BRH:0
end_of_record
